<?xml version='1.0' encoding='UTF-8'?>
<result plugin="junit@1.20">
  <suites>
    <suite>
      <file>/opt/jenkins/workspace/estAnyFeature_jenkinsdocker-C2GVJFJ5GLDSBAUYXBSD7UOKS7GYZVE62UIWRKDY6H2A7MM7JUFA/target/surefire-reports/TEST-com.projectmonitor.CiRunControllerTest.xml</file>
      <name>com.projectmonitor.CiRunControllerTest</name>
      <duration>3.729</duration>
      <time>3.729</time>
      <cases>
        <case>
          <duration>2.711</duration>
          <className>com.projectmonitor.CiRunControllerTest</className>
          <testName>displaysTheStateOfTheLastSAAndProdDeploy</testName>
          <skipped>false</skipped>
          <failedSince>0</failedSince>
        </case>
        <case>
          <duration>0.16</duration>
          <className>com.projectmonitor.CiRunControllerTest</className>
          <testName>whenCIDoesNotRespond_displaysThatTheEnvironmentIsDown</testName>
          <skipped>false</skipped>
          <failedSince>0</failedSince>
        </case>
        <case>
          <duration>0.116</duration>
          <className>com.projectmonitor.CiRunControllerTest</className>
          <testName>whenCiResponds_wePrintTheBuildStatus</testName>
          <skipped>false</skipped>
          <failedSince>0</failedSince>
        </case>
        <case>
          <duration>0.28</duration>
          <className>com.projectmonitor.CiRunControllerTest</className>
          <testName>displaysAppInfoOfTheAppDeployedOnStoryAcceptance</testName>
          <skipped>false</skipped>
          <failedSince>0</failedSince>
        </case>
        <case>
          <duration>0.216</duration>
          <className>com.projectmonitor.CiRunControllerTest</className>
          <testName>whenProductionDoesNotRespond_displaysThatTheEnvironmentIsDown</testName>
          <skipped>false</skipped>
          <failedSince>0</failedSince>
        </case>
        <case>
          <duration>0.079</duration>
          <className>com.projectmonitor.CiRunControllerTest</className>
          <testName>whenDeployJobsFail_displaysThatTheJobWasUnavailable</testName>
          <skipped>false</skipped>
          <failedSince>0</failedSince>
        </case>
        <case>
          <duration>0.075</duration>
          <className>com.projectmonitor.CiRunControllerTest</className>
          <testName>displaysAppInfoOfTheAppDeployedInProduction</testName>
          <skipped>false</skipped>
          <failedSince>0</failedSince>
        </case>
        <case>
          <duration>0.092</duration>
          <className>com.projectmonitor.CiRunControllerTest</className>
          <testName>whenStoryAcceptanceDoesNotRespond_displaysThatTheEnvironmentIsDown</testName>
          <skipped>false</skipped>
          <failedSince>0</failedSince>
        </case>
      </cases>
    </suite>
    <suite>
      <file>/opt/jenkins/workspace/estAnyFeature_jenkinsdocker-C2GVJFJ5GLDSBAUYXBSD7UOKS7GYZVE62UIWRKDY6H2A7MM7JUFA/target/surefire-reports/TEST-com.projectmonitor.productionrelease.CheckCurrentAcceptanceStoryStatusServiceTest.xml</file>
      <name>com.projectmonitor.productionrelease.CheckCurrentAcceptanceStoryStatusServiceTest</name>
      <duration>0.074</duration>
      <time>0.074</time>
      <cases>
        <case>
          <duration>0.073</duration>
          <className>com.projectmonitor.productionrelease.CheckCurrentAcceptanceStoryStatusServiceTest</className>
          <testName>execute_whenTrackerAPIResponds_andStoryisAccepted_andStoriesDiffer_triggersAProductionDeploy</testName>
          <skipped>false</skipped>
          <failedSince>0</failedSince>
        </case>
        <case>
          <duration>0.0</duration>
          <className>com.projectmonitor.productionrelease.CheckCurrentAcceptanceStoryStatusServiceTest</className>
          <testName>execute_whenTrackerAPIResponds_andStoryisAccepted_andStoriesMatch_doesNottriggerAProductionDeploy</testName>
          <skipped>false</skipped>
          <failedSince>0</failedSince>
        </case>
        <case>
          <duration>0.001</duration>
          <className>com.projectmonitor.productionrelease.CheckCurrentAcceptanceStoryStatusServiceTest</className>
          <testName>execute_whenTrackerAPIResponds_andStoryIsNotAccepted_doesNotTriggerAProductionDeploy</testName>
          <skipped>false</skipped>
          <failedSince>0</failedSince>
        </case>
      </cases>
    </suite>
    <suite>
      <file>/opt/jenkins/workspace/estAnyFeature_jenkinsdocker-C2GVJFJ5GLDSBAUYXBSD7UOKS7GYZVE62UIWRKDY6H2A7MM7JUFA/target/surefire-reports/TEST-com.projectmonitor.productionrelease.PCFProductionDeployerTest.xml</file>
      <name>com.projectmonitor.productionrelease.PCFProductionDeployerTest</name>
      <duration>0.08</duration>
      <time>0.08</time>
      <cases>
        <case>
          <duration>0.079</duration>
          <className>com.projectmonitor.productionrelease.PCFProductionDeployerTest</className>
          <testName>push_whenProdDeployFails_returnsFalse</testName>
          <skipped>false</skipped>
          <failedSince>0</failedSince>
        </case>
        <case>
          <duration>0.001</duration>
          <className>com.projectmonitor.productionrelease.PCFProductionDeployerTest</className>
          <testName>push_whenProdDeployStillRunning_pollsJobEveryFewSecondsUntilCompletion</testName>
          <skipped>false</skipped>
          <failedSince>0</failedSince>
        </case>
        <case>
          <duration>0.0</duration>
          <className>com.projectmonitor.productionrelease.PCFProductionDeployerTest</className>
          <testName>push_kicksOffProductionDeployJob_withShaFromAcceptance</testName>
          <skipped>false</skipped>
          <failedSince>0</failedSince>
        </case>
      </cases>
    </suite>
    <suite>
      <file>/opt/jenkins/workspace/estAnyFeature_jenkinsdocker-C2GVJFJ5GLDSBAUYXBSD7UOKS7GYZVE62UIWRKDY6H2A7MM7JUFA/target/surefire-reports/TEST-com.projectmonitor.productionrelease.PCFStoryAcceptanceDeployerTest.xml</file>
      <name>com.projectmonitor.productionrelease.PCFStoryAcceptanceDeployerTest</name>
      <duration>0.003</duration>
      <time>0.003</time>
      <cases>
        <case>
          <duration>0.003</duration>
          <className>com.projectmonitor.productionrelease.PCFStoryAcceptanceDeployerTest</className>
          <testName>push_triggersTheJenkinsSADeployJob_withTheNextBuildThatHasPassedCI</testName>
          <skipped>false</skipped>
          <errorStackTrace>java.lang.AssertionError: null
	at org.junit.Assert.fail(Assert.java:86)
	at org.junit.Assert.fail(Assert.java:95)
	at com.projectmonitor.productionrelease.PCFStoryAcceptanceDeployerTest.push_triggersTheJenkinsSADeployJob_withTheNextBuildThatHasPassedCI(PCFStoryAcceptanceDeployerTest.java:35)
</errorStackTrace>
          <stderr>2017-04-26 06:14:05,735 ERROR c.p.p.PCFProductionDeployer Production deployed failed, the plane has crashed into the mountain!
</stderr>
          <failedSince>0</failedSince>
        </case>
      </cases>
    </suite>
  </suites>
  <duration>3.886</duration>
  <keepLongStdio>false</keepLongStdio>
</result>