<?xml version='1.0' encoding='UTF-8'?>
<result plugin="junit@1.20">
  <suites>
    <suite>
      <file>/opt/jenkins/workspace/testMaster/target/surefire-reports/TEST-com.projectmonitor.CiRunControllerTest.xml</file>
      <name>com.projectmonitor.CiRunControllerTest</name>
      <duration>2.522</duration>
      <time>2.522</time>
      <cases>
        <case>
          <duration>1.614</duration>
          <className>com.projectmonitor.CiRunControllerTest</className>
          <testName>displaysTheStateOfTheLastSAAndProdDeploy</testName>
          <skipped>false</skipped>
          <failedSince>0</failedSince>
        </case>
        <case>
          <duration>0.194</duration>
          <className>com.projectmonitor.CiRunControllerTest</className>
          <testName>whenCIDoesNotRespond_displaysThatTheEnvironmentIsDown</testName>
          <skipped>false</skipped>
          <failedSince>0</failedSince>
        </case>
        <case>
          <duration>0.137</duration>
          <className>com.projectmonitor.CiRunControllerTest</className>
          <testName>whenCiResponds_wePrintTheBuildStatus</testName>
          <skipped>false</skipped>
          <failedSince>0</failedSince>
        </case>
        <case>
          <duration>0.121</duration>
          <className>com.projectmonitor.CiRunControllerTest</className>
          <testName>displaysAppInfoOfTheAppDeployedOnStoryAcceptance</testName>
          <skipped>false</skipped>
          <failedSince>0</failedSince>
        </case>
        <case>
          <duration>0.165</duration>
          <className>com.projectmonitor.CiRunControllerTest</className>
          <testName>whenProductionDoesNotRespond_displaysThatTheEnvironmentIsDown</testName>
          <skipped>false</skipped>
          <failedSince>0</failedSince>
        </case>
        <case>
          <duration>0.124</duration>
          <className>com.projectmonitor.CiRunControllerTest</className>
          <testName>whenDeployJobsFail_displaysThatTheJobWasUnavailable</testName>
          <skipped>false</skipped>
          <failedSince>0</failedSince>
        </case>
        <case>
          <duration>0.086</duration>
          <className>com.projectmonitor.CiRunControllerTest</className>
          <testName>displaysAppInfoOfTheAppDeployedInProduction</testName>
          <skipped>false</skipped>
          <failedSince>0</failedSince>
        </case>
        <case>
          <duration>0.081</duration>
          <className>com.projectmonitor.CiRunControllerTest</className>
          <testName>whenStoryAcceptanceDoesNotRespond_displaysThatTheEnvironmentIsDown</testName>
          <skipped>false</skipped>
          <failedSince>0</failedSince>
        </case>
      </cases>
    </suite>
    <suite>
      <file>/opt/jenkins/workspace/testMaster/target/surefire-reports/TEST-com.projectmonitor.productionrelease.CheckCurrentAcceptanceStoryStatusServiceTest.xml</file>
      <name>com.projectmonitor.productionrelease.CheckCurrentAcceptanceStoryStatusServiceTest</name>
      <duration>0.041</duration>
      <time>0.041</time>
      <cases>
        <case>
          <duration>0.041</duration>
          <className>com.projectmonitor.productionrelease.CheckCurrentAcceptanceStoryStatusServiceTest</className>
          <testName>execute_whenTrackerAPIResponds_andStoryisAccepted_andStoriesDiffer_triggersAProductionDeploy</testName>
          <skipped>false</skipped>
          <failedSince>0</failedSince>
        </case>
        <case>
          <duration>0.0</duration>
          <className>com.projectmonitor.productionrelease.CheckCurrentAcceptanceStoryStatusServiceTest</className>
          <testName>execute_whenTrackerAPIResponds_andStoryisAccepted_andStoriesMatch_doesNottriggerAProductionDeploy</testName>
          <skipped>false</skipped>
          <failedSince>0</failedSince>
        </case>
        <case>
          <duration>0.0</duration>
          <className>com.projectmonitor.productionrelease.CheckCurrentAcceptanceStoryStatusServiceTest</className>
          <testName>execute_whenTrackerAPIResponds_andStoryIsNotAccepted_doesNotTriggerAProductionDeploy</testName>
          <skipped>false</skipped>
          <failedSince>0</failedSince>
        </case>
      </cases>
    </suite>
    <suite>
      <file>/opt/jenkins/workspace/testMaster/target/surefire-reports/TEST-com.projectmonitor.productionrelease.PCFProductionDeployerTest.xml</file>
      <name>com.projectmonitor.productionrelease.PCFProductionDeployerTest</name>
      <duration>0.051</duration>
      <time>0.051</time>
      <cases>
        <case>
          <duration>0.048</duration>
          <className>com.projectmonitor.productionrelease.PCFProductionDeployerTest</className>
          <testName>push_whenProdDeployFails_returnsFalse</testName>
          <skipped>false</skipped>
          <failedSince>0</failedSince>
        </case>
        <case>
          <duration>0.001</duration>
          <className>com.projectmonitor.productionrelease.PCFProductionDeployerTest</className>
          <testName>push_whenProdDeployStillRunning_pollsJobEveryFewSecondsUntilCompletion</testName>
          <skipped>false</skipped>
          <failedSince>0</failedSince>
        </case>
        <case>
          <duration>0.002</duration>
          <className>com.projectmonitor.productionrelease.PCFProductionDeployerTest</className>
          <testName>push_kicksOffProductionDeployJob_withShaFromAcceptance</testName>
          <skipped>false</skipped>
          <failedSince>0</failedSince>
        </case>
      </cases>
    </suite>
    <suite>
      <file>/opt/jenkins/workspace/testMaster/target/surefire-reports/TEST-com.projectmonitor.productionrelease.PCFStoryAcceptanceDeployerTest.xml</file>
      <name>com.projectmonitor.productionrelease.PCFStoryAcceptanceDeployerTest</name>
      <duration>0.004</duration>
      <time>0.004</time>
      <cases>
        <case>
          <duration>0.004</duration>
          <className>com.projectmonitor.productionrelease.PCFStoryAcceptanceDeployerTest</className>
          <testName>push_triggersTheJenkinsSADeployJob_withTheNextBuildThatHasPassedCI</testName>
          <skipped>false</skipped>
          <errorStackTrace>java.lang.AssertionError: null
	at org.junit.Assert.fail(Assert.java:86)
	at org.junit.Assert.fail(Assert.java:95)
	at com.projectmonitor.productionrelease.PCFStoryAcceptanceDeployerTest.push_triggersTheJenkinsSADeployJob_withTheNextBuildThatHasPassedCI(PCFStoryAcceptanceDeployerTest.java:35)
</errorStackTrace>
          <failedSince>0</failedSince>
        </case>
      </cases>
    </suite>
  </suites>
  <duration>2.6179998</duration>
  <keepLongStdio>false</keepLongStdio>
</result>